[17:01:05] [ServerMain/INFO]: Environment: Environment[sessionHost=https://sessionserver.mojang.com, servicesHost=https://api.minecraftservices.com, name=PROD]
[17:01:06] [ServerMain/INFO]: No existing world data, creating new world
[17:01:06] [ServerMain/INFO]: Loaded 1290 recipes
[17:01:07] [ServerMain/INFO]: Loaded 1399 advancements
[17:01:07] [Server thread/INFO]: Starting minecraft server version 1.21.1
[17:01:07] [Server thread/INFO]: Loading properties
[17:01:07] [Server thread/INFO]: Default game type: SURVIVAL
[17:01:07] [Server thread/INFO]: Generating keypair
[17:01:07] [Server thread/INFO]: Starting Minecraft server on *:25565
[17:01:07] [Server thread/INFO]: Using epoll channel type
[17:01:07] [Server thread/WARN]: **** SERVER IS RUNNING IN OFFLINE/INSECURE MODE!
[17:01:07] [Server thread/WARN]: The server will make no attempt to authenticate usernames. Beware.
[17:01:07] [Server thread/WARN]: While this makes the game possible to play without internet access, it also opens up the ability for hackers to connect with any username they choose.
[17:01:07] [Server thread/WARN]: To change this, set "online-mode" to "true" in the server.properties file.
[17:01:07] [Server thread/INFO]: Preparing level "world"
[17:01:14] [Server thread/INFO]: Preparing start region for dimension minecraft:overworld
[17:01:14] [Worker-Main-3/INFO]: Preparing spawn area: 2%
[17:01:15] [Worker-Main-3/INFO]: Preparing spawn area: 2%
[17:01:15] [Worker-Main-3/INFO]: Preparing spawn area: 2%
[17:01:16] [Worker-Main-3/INFO]: Preparing spawn area: 2%
[17:01:16] [Worker-Main-1/INFO]: Preparing spawn area: 18%
[17:01:17] [Worker-Main-3/INFO]: Preparing spawn area: 18%
[17:01:17] [Worker-Main-1/INFO]: Preparing spawn area: 18%
[17:01:18] [Worker-Main-1/INFO]: Preparing spawn area: 28%
[17:01:18] [Worker-Main-2/INFO]: Preparing spawn area: 51%
[17:01:19] [Worker-Main-2/INFO]: Preparing spawn area: 51%
[17:01:19] [Worker-Main-2/INFO]: Preparing spawn area: 51%
[17:01:19] [Server thread/INFO]: Time elapsed: 5336 ms
[17:01:19] [Server thread/INFO]: Done (11.994s)! For help, type "help"
